<?xml version="1.0" encoding="UTF-8"?>
<testsuite name="wordTest" tests="4" skipped="0" failures="0" errors="0" timestamp="2016-04-29T19:34:22" hostname="epicodus-54.local" time="0.002">
  <properties/>
  <testcase name="newId_wordInstantiatesWithAnId_true" classname="wordTest" time="0.001"/>
  <testcase name="getWord_thisWillPromptForUserToEnterAWord_String" classname="wordTest" time="0.0"/>
  <testcase name="getMultipleWords_thisWillPromptForUserToEnterMultipleWords_String" classname="wordTest" time="0.0"/>
  <testcase name="word_instantiatesWithDictionary_String" classname="wordTest" time="0.0"/>
  <system-out><![CDATA[]]></system-out>
  <system-err><![CDATA[]]></system-err>
</testsuite>
